<comment, // ------------------Example of the true code------------------------------------------------------>
<command, #include<stdio.h>>
<command, #include<string.h>>
<keyword, int>
<identifier, main>
<operator, (>
<operator, )>
<operator, {>
<keyword, char>
<identifier, a>
<operator, [>
<int_dec, 100>
<operator, ]>
<operator, ,>
<identifier, b>
<operator, [>
<int_dec, 100>
<operator, ]>
<operator, ;>
<identifier, gets>
<operator, (>
<identifier, a>
<operator, )>
<operator, ;>
<identifier, gets>
<operator, (>
<identifier, b>
<operator, )>
<operator, ;>
<keyword, int>
<identifier, m>
<operator, =>
<identifier, strlen>
<operator, (>
<identifier, a>
<operator, )>
<operator, ;>
<keyword, int>
<identifier, n>
<operator, =>
<identifier, strlen>
<operator, (>
<identifier, b>
<operator, )>
<operator, ;>
<keyword, int>
<identifier, i>
<operator, ,>
<identifier, j>
<operator, ,>
<identifier, k>
<operator, ,>
<identifier, d>
<operator, =>
<int_dec, 0>
<operator, ,>
<identifier, e>
<operator, =>
<int_dec, 0>
<operator, ;>
<keyword, do>
<operator, {>
<comment, //The outermost loop prevents the remaining string from forming a new cat after the cat is removed>
<identifier, d>
<operator, =>
<int_dec, 0>
<operator, ;>
<keyword, for>
<operator, (>
<identifier, i>
<operator, =>
<int_dec, 0>
<operator, ;>
<identifier, i>
<operator, <>
<identifier, m>
<operator, ;>
<identifier, i>
<operator, ++>
<operator, )>
<operator, {>
<comment, //The nested loop determines if any consecutive strings are equal to s2>
<identifier, k>
<operator, =>
<int_dec, 0>
<operator, ;>
<keyword, for>
<operator, (>
<identifier, j>
<operator, =>
<identifier, i>
<operator, ;>
<identifier, j>
<operator, <>
<identifier, i>
<operator, +>
<identifier, n>
<operator, ;>
<identifier, j>
<operator, ++>
<operator, )>
<operator, {>
<keyword, if>
<operator, (>
<identifier, b>
<operator, [>
<identifier, k>
<operator, ]>
<operator, !=>
<identifier, a>
<operator, [>
<identifier, j>
<operator, ]>
<operator, )>
<keyword, break>
<operator, ;>
<identifier, k>
<operator, ++>
<operator, ;>
<operator, }>
<keyword, if>
<operator, (>
<identifier, k>
<operator, ==>
<identifier, n>
<operator, )>
<operator, {>
<comment, /*Make the values from this position in the a array equal to all the values moved n bits back to play the role of removal*/>
<identifier, m>
<operator, =>
<identifier, m>
<operator, ->
<identifier, n>
<operator, ;>
<keyword, for>
<operator, (>
<identifier, j>
<operator, =>
<identifier, i>
<operator, ;>
<identifier, j>
<operator, <>
<identifier, m>
<operator, ;>
<identifier, j>
<operator, ++>
<operator, )>
<operator, {>
<identifier, a>
<operator, [>
<identifier, j>
<operator, ]>
<operator, =>
<identifier, a>
<operator, [>
<identifier, j>
<operator, +>
<identifier, n>
<operator, ]>
<operator, ;>
<operator, }>
<identifier, i>
<operator, =>
<identifier, i>
<operator, ->
<int_dec, 1>
<operator, ;>
<identifier, d>
<operator, =>
<int_dec, 1>
<operator, ;>
<operator, }>
<operator, }>
<operator, }>
<keyword, while>
<operator, (>
<identifier, d>
<operator, !=>
<int_dec, 0>
<operator, )>
<operator, ;>
<keyword, for>
<operator, (>
<identifier, i>
<operator, =>
<int_dec, 0>
<operator, ;>
<identifier, i>
<operator, <>
<identifier, m>
<operator, ;>
<identifier, i>
<operator, ++>
<operator, )>
<operator, {>
<identifier, printf>
<operator, (>
<string, "%c">
<operator, ,>
<identifier, a>
<operator, [>
<identifier, i>
<operator, ]>
<operator, )>
<operator, ;>
<operator, }>
<keyword, return>
<int_dec, 0>
<operator, ;>
<operator, }>
